0 info it worked if it ends with ok
1 verbose cli [ '/usr/local/bin/node',
1 verbose cli   '/usr/local/bin/npm',
1 verbose cli   'run',
1 verbose cli   'test-debug' ]
2 info using npm@3.10.8
3 info using node@v6.9.1
4 verbose run-script [ 'pretest-debug', 'test-debug', 'posttest-debug' ]
5 info lifecycle sinonworkshop@1.0.0~pretest-debug: sinonworkshop@1.0.0
6 silly lifecycle sinonworkshop@1.0.0~pretest-debug: no script for pretest-debug, continuing
7 info lifecycle sinonworkshop@1.0.0~test-debug: sinonworkshop@1.0.0
8 verbose lifecycle sinonworkshop@1.0.0~test-debug: unsafe-perm in lifecycle true
9 verbose lifecycle sinonworkshop@1.0.0~test-debug: PATH: /usr/local/lib/node_modules/npm/bin/node-gyp-bin:/Users/sam/work/sinonworkshop/node_modules/.bin:/Users/sam/Applications/apache-maven-3.0.5/bin:/Users/sam/bin:/usr/local/bin:/usr/local/bin:/usr/bin:/bin:/usr/sbin:/sbin
10 verbose lifecycle sinonworkshop@1.0.0~test-debug: CWD: /Users/sam/work/sinonworkshop
11 silly lifecycle sinonworkshop@1.0.0~test-debug: Args: [ '-c',
11 silly lifecycle   'browserify test/lib/*.test.js | browser-run -p 2222 | faucet' ]
12 silly lifecycle sinonworkshop@1.0.0~test-debug: Returned: code: 1  signal: null
13 info lifecycle sinonworkshop@1.0.0~test-debug: Failed to exec test-debug script
14 verbose stack Error: sinonworkshop@1.0.0 test-debug: `browserify test/lib/*.test.js | browser-run -p 2222 | faucet`
14 verbose stack Exit status 1
14 verbose stack     at EventEmitter.<anonymous> (/usr/local/lib/node_modules/npm/lib/utils/lifecycle.js:255:16)
14 verbose stack     at emitTwo (events.js:106:13)
14 verbose stack     at EventEmitter.emit (events.js:191:7)
14 verbose stack     at ChildProcess.<anonymous> (/usr/local/lib/node_modules/npm/lib/utils/spawn.js:40:14)
14 verbose stack     at emitTwo (events.js:106:13)
14 verbose stack     at ChildProcess.emit (events.js:191:7)
14 verbose stack     at maybeClose (internal/child_process.js:877:16)
14 verbose stack     at Process.ChildProcess._handle.onexit (internal/child_process.js:226:5)
15 verbose pkgid sinonworkshop@1.0.0
16 verbose cwd /Users/sam/work/sinonworkshop
17 error Darwin 16.1.0
18 error argv "/usr/local/bin/node" "/usr/local/bin/npm" "run" "test-debug"
19 error node v6.9.1
20 error npm  v3.10.8
21 error code ELIFECYCLE
22 error sinonworkshop@1.0.0 test-debug: `browserify test/lib/*.test.js | browser-run -p 2222 | faucet`
22 error Exit status 1
23 error Failed at the sinonworkshop@1.0.0 test-debug script 'browserify test/lib/*.test.js | browser-run -p 2222 | faucet'.
23 error Make sure you have the latest version of node.js and npm installed.
23 error If you do, this is most likely a problem with the sinonworkshop package,
23 error not with npm itself.
23 error Tell the author that this fails on your system:
23 error     browserify test/lib/*.test.js | browser-run -p 2222 | faucet
23 error You can get information on how to open an issue for this project with:
23 error     npm bugs sinonworkshop
23 error Or if that isn't available, you can get their info via:
23 error     npm owner ls sinonworkshop
23 error There is likely additional logging output above.
24 verbose exit [ 1, true ]
